{"/home/edison-reinoso/Escritorio/sofka/sofka-front/FoodTech-Front/src/views/LoginView.tsx": {"path":"/home/edison-reinoso/Escritorio/sofka/sofka-front/FoodTech-Front/src/views/LoginView.tsx","statementMap":{"0":{"start":{"line":5,"column":25},"end":{"line":68,"column":null}},"1":{"start":{"line":6,"column":24},"end":{"line":6,"column":null}},"2":{"start":{"line":7,"column":30},"end":{"line":7,"column":null}},"3":{"start":{"line":8,"column":30},"end":{"line":8,"column":null}},"4":{"start":{"line":9,"column":34},"end":{"line":9,"column":null}},"5":{"start":{"line":10,"column":30},"end":{"line":10,"column":null}},"6":{"start":{"line":11,"column":42},"end":{"line":11,"column":null}},"7":{"start":{"line":13,"column":37},"end":{"line":13,"column":null}},"8":{"start":{"line":14,"column":8},"end":{"line":14,"column":null}},"9":{"start":{"line":16,"column":23},"end":{"line":28,"column":null}},"10":{"start":{"line":17,"column":4},"end":{"line":17,"column":null}},"11":{"start":{"line":18,"column":4},"end":{"line":22,"column":null}},"12":{"start":{"line":19,"column":6},"end":{"line":19,"column":null}},"13":{"start":{"line":20,"column":6},"end":{"line":20,"column":null}},"14":{"start":{"line":21,"column":6},"end":{"line":21,"column":null}},"15":{"start":{"line":23,"column":4},"end":{"line":27,"column":null}},"16":{"start":{"line":24,"column":6},"end":{"line":24,"column":null}},"17":{"start":{"line":26,"column":6},"end":{"line":26,"column":null}},"18":{"start":{"line":30,"column":21},"end":{"line":36,"column":null}},"19":{"start":{"line":31,"column":4},"end":{"line":31,"column":null}},"20":{"start":{"line":32,"column":4},"end":{"line":32,"column":null}},"21":{"start":{"line":33,"column":4},"end":{"line":33,"column":null}},"22":{"start":{"line":34,"column":4},"end":{"line":34,"column":null}},"23":{"start":{"line":35,"column":4},"end":{"line":35,"column":null}},"24":{"start":{"line":38,"column":2},"end":{"line":66,"column":null}},"25":{"start":{"line":42,"column":70},"end":{"line":42,"column":96}},"26":{"start":{"line":45,"column":77},"end":{"line":45,"column":106}},"27":{"start":{"line":48,"column":79},"end":{"line":48,"column":108}},"28":{"start":{"line":51,"column":87},"end":{"line":51,"column":120}},"29":{"start":{"line":55,"column":10},"end":{"line":55,"column":null}},"30":{"start":{"line":56,"column":10},"end":{"line":56,"column":null}},"31":{"start":{"line":56,"column":32},"end":{"line":56,"column":null}}},"fnMap":{"0":{"name":"(anonymous_0)","decl":{"start":{"line":5,"column":25},"end":{"line":5,"column":31}},"loc":{"start":{"line":5,"column":31},"end":{"line":68,"column":null}},"line":5},"1":{"name":"(anonymous_1)","decl":{"start":{"line":16,"column":23},"end":{"line":16,"column":30}},"loc":{"start":{"line":16,"column":53},"end":{"line":28,"column":null}},"line":16},"2":{"name":"(anonymous_2)","decl":{"start":{"line":30,"column":21},"end":{"line":30,"column":27}},"loc":{"start":{"line":30,"column":27},"end":{"line":36,"column":null}},"line":30},"3":{"name":"(anonymous_3)","decl":{"start":{"line":42,"column":63},"end":{"line":42,"column":64}},"loc":{"start":{"line":42,"column":70},"end":{"line":42,"column":96}},"line":42},"4":{"name":"(anonymous_4)","decl":{"start":{"line":45,"column":70},"end":{"line":45,"column":71}},"loc":{"start":{"line":45,"column":77},"end":{"line":45,"column":106}},"line":45},"5":{"name":"(anonymous_5)","decl":{"start":{"line":48,"column":72},"end":{"line":48,"column":73}},"loc":{"start":{"line":48,"column":79},"end":{"line":48,"column":108}},"line":48},"6":{"name":"(anonymous_6)","decl":{"start":{"line":51,"column":80},"end":{"line":51,"column":81}},"loc":{"start":{"line":51,"column":87},"end":{"line":51,"column":120}},"line":51},"7":{"name":"(anonymous_7)","decl":{"start":{"line":54,"column":74},"end":{"line":54,"column":75}},"loc":{"start":{"line":54,"column":81},"end":{"line":57,"column":11}},"line":54}},"branchMap":{"0":{"loc":{"start":{"line":18,"column":4},"end":{"line":22,"column":null}},"type":"if","locations":[{"start":{"line":18,"column":4},"end":{"line":22,"column":null}},{"start":{},"end":{}}],"line":18},"1":{"loc":{"start":{"line":23,"column":4},"end":{"line":27,"column":null}},"type":"if","locations":[{"start":{"line":23,"column":4},"end":{"line":27,"column":null}},{"start":{"line":25,"column":11},"end":{"line":27,"column":null}}],"line":23},"2":{"loc":{"start":{"line":40,"column":11},"end":{"line":40,"column":67}},"type":"cond-expr","locations":[{"start":{"line":40,"column":28},"end":{"line":40,"column":50}},{"start":{"line":40,"column":50},"end":{"line":40,"column":67}}],"line":40},"3":{"loc":{"start":{"line":44,"column":9},"end":{"line":45,"column":null}},"type":"binary-expr","locations":[{"start":{"line":44,"column":9},"end":{"line":44,"column":null}},{"start":{"line":45,"column":10},"end":{"line":45,"column":null}}],"line":44},"4":{"loc":{"start":{"line":50,"column":9},"end":{"line":51,"column":null}},"type":"binary-expr","locations":[{"start":{"line":50,"column":9},"end":{"line":50,"column":28}},{"start":{"line":50,"column":28},"end":{"line":50,"column":null}},{"start":{"line":51,"column":10},"end":{"line":51,"column":null}}],"line":50},"5":{"loc":{"start":{"line":56,"column":10},"end":{"line":56,"column":null}},"type":"if","locations":[{"start":{"line":56,"column":10},"end":{"line":56,"column":null}},{"start":{},"end":{}}],"line":56},"6":{"loc":{"start":{"line":60,"column":11},"end":{"line":60,"column":null}},"type":"cond-expr","locations":[{"start":{"line":60,"column":28},"end":{"line":60,"column":44}},{"start":{"line":60,"column":44},"end":{"line":60,"column":null}}],"line":60},"7":{"loc":{"start":{"line":64,"column":9},"end":{"line":64,"column":null}},"type":"cond-expr","locations":[{"start":{"line":64,"column":26},"end":{"line":64,"column":64}},{"start":{"line":64,"column":64},"end":{"line":64,"column":null}}],"line":64}},"s":{"0":2,"1":45,"2":45,"3":45,"4":45,"5":45,"6":45,"7":45,"8":45,"9":45,"10":6,"11":6,"12":1,"13":1,"14":1,"15":5,"16":2,"17":3,"18":45,"19":9,"20":9,"21":9,"22":9,"23":9,"24":45,"25":7,"26":2,"27":6,"28":1,"29":1,"30":1,"31":1},"f":{"0":45,"1":6,"2":9,"3":7,"4":2,"5":6,"6":1,"7":1},"b":{"0":[1,5],"1":[2,3],"2":[14,31],"3":[45,14],"4":[45,31,29],"5":[1,0],"6":[14,31],"7":[14,31]},"meta":{"lastBranch":8,"lastFunction":8,"lastStatement":32,"seen":{"s:5:25:68:Infinity":0,"f:5:25:5:31":0,"s:6:24:6:Infinity":1,"s:7:30:7:Infinity":2,"s:8:30:8:Infinity":3,"s:9:34:9:Infinity":4,"s:10:30:10:Infinity":5,"s:11:42:11:Infinity":6,"s:13:37:13:Infinity":7,"s:14:8:14:Infinity":8,"s:16:23:28:Infinity":9,"f:16:23:16:30":1,"s:17:4:17:Infinity":10,"b:18:4:22:Infinity:undefined:undefined:undefined:undefined":0,"s:18:4:22:Infinity":11,"s:19:6:19:Infinity":12,"s:20:6:20:Infinity":13,"s:21:6:21:Infinity":14,"b:23:4:27:Infinity:25:11:27:Infinity":1,"s:23:4:27:Infinity":15,"s:24:6:24:Infinity":16,"s:26:6:26:Infinity":17,"s:30:21:36:Infinity":18,"f:30:21:30:27":2,"s:31:4:31:Infinity":19,"s:32:4:32:Infinity":20,"s:33:4:33:Infinity":21,"s:34:4:34:Infinity":22,"s:35:4:35:Infinity":23,"s:38:2:66:Infinity":24,"b:40:28:40:50:40:50:40:67":2,"f:42:63:42:64":3,"s:42:70:42:96":25,"b:44:9:44:Infinity:45:10:45:Infinity":3,"f:45:70:45:71":4,"s:45:77:45:106":26,"f:48:72:48:73":5,"s:48:79:48:108":27,"b:50:9:50:28:50:28:50:Infinity:51:10:51:Infinity":4,"f:51:80:51:81":6,"s:51:87:51:120":28,"f:54:74:54:75":7,"s:55:10:55:Infinity":29,"b:56:10:56:Infinity:undefined:undefined:undefined:undefined":5,"s:56:10:56:Infinity":30,"s:56:32:56:Infinity":31,"b:60:28:60:44:60:44:60:Infinity":6,"b:64:26:64:64:64:64:64:Infinity":7}}}
}
